[21-Jan-2018 17:50:10 UTC] PHP Notice:  Undefined index: SERVER_SOFTWARE in phar:///usr/local/bin/wp/php/WP_CLI/Runner.php(1020) : eval()'d code on line 75
[21-Jan-2018 17:50:11 UTC] PHP Notice:  Undefined index: SERVER_SOFTWARE in phar:///usr/local/bin/wp/php/WP_CLI/Runner.php(1020) : eval()'d code on line 75
[21-Jan-2018 17:50:12 UTC] PHP Notice:  Undefined index: SERVER_SOFTWARE in phar:///usr/local/bin/wp/php/WP_CLI/Runner.php(1020) : eval()'d code on line 75
[21-Jan-2018 17:50:13 UTC] PHP Notice:  Undefined index: SERVER_SOFTWARE in phar:///usr/local/bin/wp/php/WP_CLI/Runner.php(1020) : eval()'d code on line 75
[21-Jan-2018 17:50:14 UTC] PHP Notice:  Undefined index: SERVER_SOFTWARE in phar:///usr/local/bin/wp/php/WP_CLI/Runner.php(1020) : eval()'d code on line 75
[21-Jan-2018 17:50:14 UTC] PHP Notice:  Undefined index: SERVER_SOFTWARE in phar:///usr/local/bin/wp/php/WP_CLI/Runner.php(1020) : eval()'d code on line 75
[21-Jan-2018 17:57:03 UTC] PHP Notice:  Undefined index: SERVER_SOFTWARE in phar:///usr/local/bin/wp/php/WP_CLI/Runner.php(1020) : eval()'d code on line 75
[21-Jan-2018 17:57:03 UTC] PHP Notice:  Undefined index: SERVER_SOFTWARE in phar:///usr/local/bin/wp/php/WP_CLI/Runner.php(1020) : eval()'d code on line 75
[21-Jan-2018 17:57:04 UTC] PHP Notice:  Undefined index: SERVER_SOFTWARE in phar:///usr/local/bin/wp/php/WP_CLI/Runner.php(1020) : eval()'d code on line 75
[21-Jan-2018 18:02:41 UTC] PHP Notice:  Undefined index: SERVER_SOFTWARE in phar:///usr/local/bin/wp/php/WP_CLI/Runner.php(1020) : eval()'d code on line 75
[21-Jan-2018 18:02:41 UTC] PHP Notice:  Undefined index: SERVER_SOFTWARE in phar:///usr/local/bin/wp/php/WP_CLI/Runner.php(1020) : eval()'d code on line 75
[21-Jan-2018 18:02:41 UTC] PHP Notice:  Undefined index: SERVER_SOFTWARE in phar:///usr/local/bin/wp/php/WP_CLI/Runner.php(1020) : eval()'d code on line 75
[21-Jan-2018 18:25:26 UTC] PHP Notice:  Undefined index: SERVER_SOFTWARE in phar:///usr/local/bin/wp/php/WP_CLI/Runner.php(1020) : eval()'d code on line 75
[21-Jan-2018 18:25:26 UTC] PHP Notice:  Undefined index: SERVER_SOFTWARE in phar:///usr/local/bin/wp/php/WP_CLI/Runner.php(1020) : eval()'d code on line 75
[21-Jan-2018 18:25:27 UTC] PHP Notice:  Undefined index: SERVER_SOFTWARE in phar:///usr/local/bin/wp/php/WP_CLI/Runner.php(1020) : eval()'d code on line 75
[21-Jan-2018 18:27:09 UTC] PHP Notice:  Undefined index: SERVER_SOFTWARE in phar:///usr/local/bin/wp/php/WP_CLI/Runner.php(1020) : eval()'d code on line 75
[21-Jan-2018 18:27:09 UTC] PHP Notice:  Undefined index: SERVER_SOFTWARE in phar:///usr/local/bin/wp/php/WP_CLI/Runner.php(1020) : eval()'d code on line 75
[21-Jan-2018 18:27:10 UTC] PHP Notice:  Undefined index: SERVER_SOFTWARE in phar:///usr/local/bin/wp/php/WP_CLI/Runner.php(1020) : eval()'d code on line 75
[21-Jan-2018 18:41:32 UTC] PHP Notice:  Undefined index: SERVER_SOFTWARE in phar:///usr/local/bin/wp/php/WP_CLI/Runner.php(1020) : eval()'d code on line 75
[21-Jan-2018 18:41:33 UTC] PHP Notice:  Undefined index: SERVER_SOFTWARE in phar:///usr/local/bin/wp/php/WP_CLI/Runner.php(1020) : eval()'d code on line 75
[21-Jan-2018 18:41:33 UTC] PHP Notice:  Undefined index: SERVER_SOFTWARE in phar:///usr/local/bin/wp/php/WP_CLI/Runner.php(1020) : eval()'d code on line 75
[21-Jan-2018 19:22:13 UTC] PHP Notice:  Use of undefined constant Eric - assumed 'Eric' in /app/public/experiment.php on line 4
[22-Jan-2018 16:40:28 UTC] PHP Warning:  A non-numeric value encountered in /app/public/wp-content/themes/fictional-university-theme/index.php on line 3
[22-Jan-2018 16:40:28 UTC] PHP Warning:  A non-numeric value encountered in /app/public/wp-content/themes/fictional-university-theme/index.php on line 3
[22-Jan-2018 16:40:28 UTC] PHP Warning:  A non-numeric value encountered in /app/public/wp-content/themes/fictional-university-theme/index.php on line 3
[22-Jan-2018 16:40:28 UTC] PHP Warning:  A non-numeric value encountered in /app/public/wp-content/themes/fictional-university-theme/index.php on line 3
[22-Jan-2018 16:40:28 UTC] PHP Warning:  A non-numeric value encountered in /app/public/wp-content/themes/fictional-university-theme/index.php on line 3
[22-Jan-2018 16:40:28 UTC] PHP Warning:  A non-numeric value encountered in /app/public/wp-content/themes/fictional-university-theme/index.php on line 3
[22-Jan-2018 16:42:21 UTC] PHP Parse error:  syntax error, unexpected ':' in /app/public/wp-content/themes/fictional-university-theme/index.php on line 7
[22-Jan-2018 16:58:34 UTC] PHP Warning:  count() expects at least 1 parameter, 0 given in /app/public/wp-content/themes/fictional-university-theme/index.php on line 7
[22-Jan-2018 16:58:34 UTC] PHP Warning:  rand() expects parameter 2 to be integer, string given in /app/public/wp-content/themes/fictional-university-theme/index.php on line 7
[22-Jan-2018 17:50:16 UTC] PHP Parse error:  syntax error, unexpected ')' in /app/public/wp-content/themes/fictional-university-theme/functions.php on line 3
[22-Jan-2018 17:52:16 UTC] PHP Parse error:  syntax error, unexpected ')' in /app/public/wp-content/themes/fictional-university-theme/functions.php on line 3
[22-Jan-2018 17:54:16 UTC] PHP Parse error:  syntax error, unexpected ')' in /app/public/wp-content/themes/fictional-university-theme/functions.php on line 3
[22-Jan-2018 18:45:08 UTC] PHP Fatal error:  Uncaught Error: Call to undefined function _theme_file_uri() in /app/public/wp-content/themes/fictional-university-theme/functions.php:4
Stack trace:
#0 /app/public/wp-includes/class-wp-hook.php(286): university_files('')
#1 /app/public/wp-includes/class-wp-hook.php(310): WP_Hook->apply_filters('', Array)
#2 /app/public/wp-includes/plugin.php(453): WP_Hook->do_action(Array)
#3 /app/public/wp-includes/script-loader.php(1435): do_action('wp_enqueue_scri...')
#4 /app/public/wp-includes/class-wp-hook.php(286): wp_enqueue_scripts('')
#5 /app/public/wp-includes/class-wp-hook.php(310): WP_Hook->apply_filters(NULL, Array)
#6 /app/public/wp-includes/plugin.php(453): WP_Hook->do_action(Array)
#7 /app/public/wp-includes/general-template.php(2614): do_action('wp_head')
#8 /app/public/wp-content/themes/fictional-university-theme/header.php(4): wp_head()
#9 /app/public/wp-includes/template.php(688): require_once('/app/public/wp-...')
#10 /app/public/wp-includes/template.php(647): load_template('/app/public/wp-...', true)
# in /app/public/wp-content/themes/fictional-university-theme/functions.php on line 4
[22-Jan-2018 22:03:08 UTC] PHP Parse error:  syntax error, unexpected '}', expecting ',' or ';' in /app/public/wp-content/themes/fictional-university-theme/page.php on line 22
[22-Jan-2018 22:59:52 UTC] PHP Parse error:  syntax error, unexpected 'get_the_ID' (T_STRING), expecting ')' in /app/public/wp-content/themes/fictional-university-theme/page.php on line 36
[22-Jan-2018 23:23:42 UTC] PHP Parse error:  syntax error, unexpected ';', expecting ',' or ')' in /app/public/wp-content/themes/fictional-university-theme/page.php on line 30
[22-Jan-2018 23:24:17 UTC] PHP Parse error:  syntax error, unexpected ')' in /app/public/wp-content/themes/fictional-university-theme/page.php on line 34
[28-Jan-2018 16:40:25 UTC] PHP Parse error:  syntax error, unexpected 'the_author' (T_STRING), expecting ',' or ';' in /app/public/wp-content/themes/fictional-university-theme/archive.php on line 10
[30-Jan-2018 01:58:35 UTC] PHP Parse error:  syntax error, unexpected ''add_new_item'' (T_CONSTANT_ENCAPSED_STRING), expecting ')' in /app/public/wp-content/mu-plugins/university-post-types.php on line 16
[30-Jan-2018 01:58:37 UTC] PHP Parse error:  syntax error, unexpected ''add_new_item'' (T_CONSTANT_ENCAPSED_STRING), expecting ')' in /app/public/wp-content/mu-plugins/university-post-types.php on line 16
