2018-01-21 17:49:25 27 [Warning] Using unique option prefix myisam-recover instead of myisam-recover-options is deprecated and will be removed in a future release. Please use the full name instead.
2018-01-21 17:49:25 27 [Note] Plugin 'FEDERATED' is disabled.
2018-01-21 17:49:25 27 [Note] InnoDB: Using atomics to ref count buffer pool pages
2018-01-21 17:49:25 27 [Note] InnoDB: The InnoDB memory heap is disabled
2018-01-21 17:49:25 27 [Note] InnoDB: Mutexes and rw_locks use GCC atomic builtins
2018-01-21 17:49:25 27 [Note] InnoDB: Memory barrier is not used
2018-01-21 17:49:25 27 [Note] InnoDB: Compressed tables use zlib 1.2.3
2018-01-21 17:49:25 27 [Note] InnoDB: Using Linux native AIO
2018-01-21 17:49:25 27 [Note] InnoDB: Using CPU crc32 instructions
2018-01-21 17:49:25 27 [Note] InnoDB: Initializing buffer pool, size = 32.0M
2018-01-21 17:49:25 27 [Note] InnoDB: Completed initialization of buffer pool
2018-01-21 17:49:25 27 [Note] InnoDB: Highest supported file format is Barracuda.
2018-01-21 17:49:25 27 [Note] InnoDB: The log sequence numbers 1625987 and 1625987 in ibdata files do not match the log sequence number 1625997 in the ib_logfiles!
2018-01-21 17:49:25 27 [Note] InnoDB: Database was not shutdown normally!
2018-01-21 17:49:25 27 [Note] InnoDB: Starting crash recovery.
2018-01-21 17:49:25 27 [Note] InnoDB: Reading tablespace information from the .ibd files...
2018-01-21 17:49:25 27 [Note] InnoDB: Restoring possible half-written data pages 
2018-01-21 17:49:25 27 [Note] InnoDB: from the doublewrite buffer...
2018-01-21 17:49:25 27 [Note] InnoDB: 128 rollback segment(s) are active.
2018-01-21 17:49:25 27 [Note] InnoDB: Waiting for purge to start
2018-01-21 17:49:25 27 [Note] InnoDB: 5.6.37 started; log sequence number 1625997
2018-01-21 17:49:25 27 [Note] Server hostname (bind-address): '*'; port: 3306
2018-01-21 17:49:25 27 [Note] IPv6 is available.
2018-01-21 17:49:25 27 [Note]   - '::' resolves to '::';
2018-01-21 17:49:25 27 [Note] Server socket created on IP: '::'.
2018-01-21 17:49:25 27 [ERROR] /usr/sbin/mysqld: Table './mysql/user' is marked as crashed and should be repaired
2018-01-21 17:49:25 27 [Warning] Checking table:   './mysql/user'
2018-01-21 17:49:25 27 [ERROR] 1 client is using or hasn't closed the table properly
2018-01-21 17:49:25 27 [Warning] 'user' entry 'root@e24d0b5cccc1' ignored in --skip-name-resolve mode.
2018-01-21 17:49:25 27 [Warning] 'user' entry '@e24d0b5cccc1' ignored in --skip-name-resolve mode.
2018-01-21 17:49:25 27 [Warning] 'proxies_priv' entry '@ root@e24d0b5cccc1' ignored in --skip-name-resolve mode.
2018-01-21 17:49:25 27 [Note] Event Scheduler: Loaded 0 events
2018-01-21 17:49:25 27 [Note] /usr/sbin/mysqld: ready for connections.
Version: '5.6.37'  socket: '/var/run/mysqld/mysqld.sock'  port: 3306  MySQL Community Server (GPL)
2018-01-21 17:54:36 21 [Warning] Using unique option prefix myisam-recover instead of myisam-recover-options is deprecated and will be removed in a future release. Please use the full name instead.
2018-01-21 17:54:36 21 [Note] Plugin 'FEDERATED' is disabled.
2018-01-21 17:54:36 21 [Note] InnoDB: Using atomics to ref count buffer pool pages
2018-01-21 17:54:36 21 [Note] InnoDB: The InnoDB memory heap is disabled
2018-01-21 17:54:36 21 [Note] InnoDB: Mutexes and rw_locks use GCC atomic builtins
2018-01-21 17:54:36 21 [Note] InnoDB: Memory barrier is not used
2018-01-21 17:54:36 21 [Note] InnoDB: Compressed tables use zlib 1.2.3
2018-01-21 17:54:36 21 [Note] InnoDB: Using Linux native AIO
2018-01-21 17:54:36 21 [Note] InnoDB: Using CPU crc32 instructions
2018-01-21 17:54:36 21 [Note] InnoDB: Initializing buffer pool, size = 32.0M
2018-01-21 17:54:36 21 [Note] InnoDB: Completed initialization of buffer pool
2018-01-21 17:54:36 21 [Note] InnoDB: Highest supported file format is Barracuda.
2018-01-21 17:54:36 21 [Note] InnoDB: The log sequence numbers 1625987 and 1625987 in ibdata files do not match the log sequence number 2432856 in the ib_logfiles!
2018-01-21 17:54:36 21 [Note] InnoDB: Database was not shutdown normally!
2018-01-21 17:54:36 21 [Note] InnoDB: Starting crash recovery.
2018-01-21 17:54:36 21 [Note] InnoDB: Reading tablespace information from the .ibd files...
2018-01-21 17:54:36 21 [Note] InnoDB: Restoring possible half-written data pages 
2018-01-21 17:54:36 21 [Note] InnoDB: from the doublewrite buffer...
2018-01-21 17:54:36 21 [Note] InnoDB: 128 rollback segment(s) are active.
2018-01-21 17:54:36 21 [Note] InnoDB: Waiting for purge to start
2018-01-21 17:54:36 21 [Note] InnoDB: 5.6.37 started; log sequence number 2432856
2018-01-21 17:54:36 21 [Note] Server hostname (bind-address): '*'; port: 3306
2018-01-21 17:54:36 21 [Note] IPv6 is available.
2018-01-21 17:54:36 21 [Note]   - '::' resolves to '::';
2018-01-21 17:54:36 21 [Note] Server socket created on IP: '::'.
2018-01-21 17:54:36 21 [Warning] 'user' entry 'root@e24d0b5cccc1' ignored in --skip-name-resolve mode.
2018-01-21 17:54:36 21 [Warning] 'user' entry '@e24d0b5cccc1' ignored in --skip-name-resolve mode.
2018-01-21 17:54:36 21 [Warning] 'proxies_priv' entry '@ root@e24d0b5cccc1' ignored in --skip-name-resolve mode.
2018-01-21 17:54:36 21 [Note] Event Scheduler: Loaded 0 events
2018-01-21 17:54:36 21 [Note] /usr/sbin/mysqld: ready for connections.
Version: '5.6.37'  socket: '/var/run/mysqld/mysqld.sock'  port: 3306  MySQL Community Server (GPL)
2018-01-21 18:11:35 21 [Warning] Using unique option prefix myisam-recover instead of myisam-recover-options is deprecated and will be removed in a future release. Please use the full name instead.
2018-01-21 18:11:35 21 [Note] Plugin 'FEDERATED' is disabled.
2018-01-21 18:11:35 21 [Note] InnoDB: Using atomics to ref count buffer pool pages
2018-01-21 18:11:35 21 [Note] InnoDB: The InnoDB memory heap is disabled
2018-01-21 18:11:35 21 [Note] InnoDB: Mutexes and rw_locks use GCC atomic builtins
2018-01-21 18:11:35 21 [Note] InnoDB: Memory barrier is not used
2018-01-21 18:11:35 21 [Note] InnoDB: Compressed tables use zlib 1.2.3
2018-01-21 18:11:35 21 [Note] InnoDB: Using Linux native AIO
2018-01-21 18:11:35 21 [Note] InnoDB: Using CPU crc32 instructions
2018-01-21 18:11:35 21 [Note] InnoDB: Initializing buffer pool, size = 32.0M
2018-01-21 18:11:35 21 [Note] InnoDB: Completed initialization of buffer pool
2018-01-21 18:11:35 21 [Note] InnoDB: Highest supported file format is Barracuda.
2018-01-21 18:11:35 21 [Note] InnoDB: The log sequence numbers 1625987 and 1625987 in ibdata files do not match the log sequence number 2441119 in the ib_logfiles!
2018-01-21 18:11:35 21 [Note] InnoDB: Database was not shutdown normally!
2018-01-21 18:11:35 21 [Note] InnoDB: Starting crash recovery.
2018-01-21 18:11:35 21 [Note] InnoDB: Reading tablespace information from the .ibd files...
2018-01-21 18:11:35 21 [Note] InnoDB: Restoring possible half-written data pages 
2018-01-21 18:11:35 21 [Note] InnoDB: from the doublewrite buffer...
2018-01-21 18:11:36 21 [Note] InnoDB: 128 rollback segment(s) are active.
2018-01-21 18:11:36 21 [Note] InnoDB: Waiting for purge to start
2018-01-21 18:11:36 21 [Note] InnoDB: 5.6.37 started; log sequence number 2441119
2018-01-21 18:11:36 21 [Note] Server hostname (bind-address): '*'; port: 3306
2018-01-21 18:11:36 21 [Note] IPv6 is available.
2018-01-21 18:11:36 21 [Note]   - '::' resolves to '::';
2018-01-21 18:11:36 21 [Note] Server socket created on IP: '::'.
2018-01-21 18:11:36 21 [Warning] 'user' entry 'root@e24d0b5cccc1' ignored in --skip-name-resolve mode.
2018-01-21 18:11:36 21 [Warning] 'user' entry '@e24d0b5cccc1' ignored in --skip-name-resolve mode.
2018-01-21 18:11:36 21 [Warning] 'proxies_priv' entry '@ root@e24d0b5cccc1' ignored in --skip-name-resolve mode.
2018-01-21 18:11:36 21 [Note] Event Scheduler: Loaded 0 events
2018-01-21 18:11:36 21 [Note] /usr/sbin/mysqld: ready for connections.
Version: '5.6.37'  socket: '/var/run/mysqld/mysqld.sock'  port: 3306  MySQL Community Server (GPL)
2018-01-22 15:49:58 38 [Warning] Using unique option prefix myisam-recover instead of myisam-recover-options is deprecated and will be removed in a future release. Please use the full name instead.
2018-01-22 15:49:58 38 [Note] Plugin 'FEDERATED' is disabled.
2018-01-22 15:49:58 38 [Note] InnoDB: Using atomics to ref count buffer pool pages
2018-01-22 15:49:58 38 [Note] InnoDB: The InnoDB memory heap is disabled
2018-01-22 15:49:58 38 [Note] InnoDB: Mutexes and rw_locks use GCC atomic builtins
2018-01-22 15:49:58 38 [Note] InnoDB: Memory barrier is not used
2018-01-22 15:49:58 38 [Note] InnoDB: Compressed tables use zlib 1.2.3
2018-01-22 15:49:58 38 [Note] InnoDB: Using Linux native AIO
2018-01-22 15:49:58 38 [Note] InnoDB: Using CPU crc32 instructions
2018-01-22 15:49:58 38 [Note] InnoDB: Initializing buffer pool, size = 32.0M
2018-01-22 15:49:58 38 [Note] InnoDB: Completed initialization of buffer pool
2018-01-22 15:49:58 38 [Note] InnoDB: Highest supported file format is Barracuda.
2018-01-22 15:49:58 38 [Note] InnoDB: The log sequence numbers 1625987 and 1625987 in ibdata files do not match the log sequence number 3047036 in the ib_logfiles!
2018-01-22 15:49:58 38 [Note] InnoDB: Database was not shutdown normally!
2018-01-22 15:49:58 38 [Note] InnoDB: Starting crash recovery.
2018-01-22 15:49:58 38 [Note] InnoDB: Reading tablespace information from the .ibd files...
2018-01-22 15:49:58 38 [Note] InnoDB: Restoring possible half-written data pages 
2018-01-22 15:49:58 38 [Note] InnoDB: from the doublewrite buffer...
2018-01-22 15:49:59 38 [Note] InnoDB: 128 rollback segment(s) are active.
2018-01-22 15:49:59 38 [Note] InnoDB: Waiting for purge to start
2018-01-22 15:49:59 38 [Note] InnoDB: 5.6.37 started; log sequence number 3047036
2018-01-22 15:49:59 38 [Note] Server hostname (bind-address): '*'; port: 3306
2018-01-22 15:49:59 38 [Note] IPv6 is available.
2018-01-22 15:49:59 38 [Note]   - '::' resolves to '::';
2018-01-22 15:49:59 38 [Note] Server socket created on IP: '::'.
2018-01-22 15:49:59 38 [Warning] 'user' entry 'root@e24d0b5cccc1' ignored in --skip-name-resolve mode.
2018-01-22 15:49:59 38 [Warning] 'user' entry '@e24d0b5cccc1' ignored in --skip-name-resolve mode.
2018-01-22 15:49:59 38 [Warning] 'proxies_priv' entry '@ root@e24d0b5cccc1' ignored in --skip-name-resolve mode.
2018-01-22 15:49:59 38 [Note] Event Scheduler: Loaded 0 events
2018-01-22 15:49:59 38 [Note] /usr/sbin/mysqld: ready for connections.
Version: '5.6.37'  socket: '/var/run/mysqld/mysqld.sock'  port: 3306  MySQL Community Server (GPL)
2018-01-24 15:52:42 38 [Warning] Using unique option prefix myisam-recover instead of myisam-recover-options is deprecated and will be removed in a future release. Please use the full name instead.
2018-01-24 15:52:42 38 [Note] Plugin 'FEDERATED' is disabled.
2018-01-24 15:52:42 38 [Note] InnoDB: Using atomics to ref count buffer pool pages
2018-01-24 15:52:42 38 [Note] InnoDB: The InnoDB memory heap is disabled
2018-01-24 15:52:42 38 [Note] InnoDB: Mutexes and rw_locks use GCC atomic builtins
2018-01-24 15:52:42 38 [Note] InnoDB: Memory barrier is not used
2018-01-24 15:52:42 38 [Note] InnoDB: Compressed tables use zlib 1.2.3
2018-01-24 15:52:42 38 [Note] InnoDB: Using Linux native AIO
2018-01-24 15:52:42 38 [Note] InnoDB: Using CPU crc32 instructions
2018-01-24 15:52:42 38 [Note] InnoDB: Initializing buffer pool, size = 32.0M
2018-01-24 15:52:42 38 [Note] InnoDB: Completed initialization of buffer pool
2018-01-24 15:52:42 38 [Note] InnoDB: Highest supported file format is Barracuda.
2018-01-24 15:52:42 38 [Note] InnoDB: The log sequence numbers 1625987 and 1625987 in ibdata files do not match the log sequence number 4054874 in the ib_logfiles!
2018-01-24 15:52:42 38 [Note] InnoDB: Database was not shutdown normally!
2018-01-24 15:52:42 38 [Note] InnoDB: Starting crash recovery.
2018-01-24 15:52:42 38 [Note] InnoDB: Reading tablespace information from the .ibd files...
2018-01-24 15:52:42 38 [Note] InnoDB: Restoring possible half-written data pages 
2018-01-24 15:52:42 38 [Note] InnoDB: from the doublewrite buffer...
2018-01-24 15:52:42 38 [Note] InnoDB: 128 rollback segment(s) are active.
2018-01-24 15:52:42 38 [Note] InnoDB: Waiting for purge to start
2018-01-24 15:52:42 38 [Note] InnoDB: 5.6.37 started; log sequence number 4054874
2018-01-24 15:52:42 38 [Note] Server hostname (bind-address): '*'; port: 3306
2018-01-24 15:52:42 38 [Note] IPv6 is available.
2018-01-24 15:52:42 38 [Note]   - '::' resolves to '::';
2018-01-24 15:52:42 38 [Note] Server socket created on IP: '::'.
2018-01-24 15:52:42 38 [Warning] 'user' entry 'root@e24d0b5cccc1' ignored in --skip-name-resolve mode.
2018-01-24 15:52:42 38 [Warning] 'user' entry '@e24d0b5cccc1' ignored in --skip-name-resolve mode.
2018-01-24 15:52:42 38 [Warning] 'proxies_priv' entry '@ root@e24d0b5cccc1' ignored in --skip-name-resolve mode.
2018-01-24 15:52:42 38 [Note] Event Scheduler: Loaded 0 events
2018-01-24 15:52:42 38 [Note] /usr/sbin/mysqld: ready for connections.
Version: '5.6.37'  socket: '/var/run/mysqld/mysqld.sock'  port: 3306  MySQL Community Server (GPL)
2018-01-27 18:03:52 38 [Warning] Using unique option prefix myisam-recover instead of myisam-recover-options is deprecated and will be removed in a future release. Please use the full name instead.
2018-01-27 18:03:52 38 [Note] Plugin 'FEDERATED' is disabled.
2018-01-27 18:03:52 38 [Note] InnoDB: Using atomics to ref count buffer pool pages
2018-01-27 18:03:52 38 [Note] InnoDB: The InnoDB memory heap is disabled
2018-01-27 18:03:52 38 [Note] InnoDB: Mutexes and rw_locks use GCC atomic builtins
2018-01-27 18:03:52 38 [Note] InnoDB: Memory barrier is not used
2018-01-27 18:03:52 38 [Note] InnoDB: Compressed tables use zlib 1.2.3
2018-01-27 18:03:52 38 [Note] InnoDB: Using Linux native AIO
2018-01-27 18:03:52 38 [Note] InnoDB: Using CPU crc32 instructions
2018-01-27 18:03:52 38 [Note] InnoDB: Initializing buffer pool, size = 32.0M
2018-01-27 18:03:52 38 [Note] InnoDB: Completed initialization of buffer pool
2018-01-27 18:03:52 38 [Note] InnoDB: Highest supported file format is Barracuda.
2018-01-27 18:03:52 38 [Note] InnoDB: The log sequence numbers 1625987 and 1625987 in ibdata files do not match the log sequence number 4891152 in the ib_logfiles!
2018-01-27 18:03:52 38 [Note] InnoDB: Database was not shutdown normally!
2018-01-27 18:03:52 38 [Note] InnoDB: Starting crash recovery.
2018-01-27 18:03:52 38 [Note] InnoDB: Reading tablespace information from the .ibd files...
2018-01-27 18:03:52 38 [Note] InnoDB: Restoring possible half-written data pages 
2018-01-27 18:03:52 38 [Note] InnoDB: from the doublewrite buffer...
2018-01-27 18:03:52 38 [Note] InnoDB: 128 rollback segment(s) are active.
2018-01-27 18:03:52 38 [Note] InnoDB: Waiting for purge to start
2018-01-27 18:03:52 38 [Note] InnoDB: 5.6.37 started; log sequence number 4891152
2018-01-27 18:03:52 38 [Note] Server hostname (bind-address): '*'; port: 3306
2018-01-27 18:03:52 38 [Note] IPv6 is available.
2018-01-27 18:03:52 38 [Note]   - '::' resolves to '::';
2018-01-27 18:03:52 38 [Note] Server socket created on IP: '::'.
2018-01-27 18:03:52 38 [Warning] 'user' entry 'root@e24d0b5cccc1' ignored in --skip-name-resolve mode.
2018-01-27 18:03:52 38 [Warning] 'user' entry '@e24d0b5cccc1' ignored in --skip-name-resolve mode.
2018-01-27 18:03:52 38 [Warning] 'proxies_priv' entry '@ root@e24d0b5cccc1' ignored in --skip-name-resolve mode.
2018-01-27 18:03:52 38 [Note] Event Scheduler: Loaded 0 events
2018-01-27 18:03:52 38 [Note] /usr/sbin/mysqld: ready for connections.
Version: '5.6.37'  socket: '/var/run/mysqld/mysqld.sock'  port: 3306  MySQL Community Server (GPL)
2018-01-28 16:20:18 40 [Warning] Using unique option prefix myisam-recover instead of myisam-recover-options is deprecated and will be removed in a future release. Please use the full name instead.
2018-01-28 16:20:18 40 [Note] Plugin 'FEDERATED' is disabled.
2018-01-28 16:20:18 40 [Note] InnoDB: Using atomics to ref count buffer pool pages
2018-01-28 16:20:18 40 [Note] InnoDB: The InnoDB memory heap is disabled
2018-01-28 16:20:18 40 [Note] InnoDB: Mutexes and rw_locks use GCC atomic builtins
2018-01-28 16:20:18 40 [Note] InnoDB: Memory barrier is not used
2018-01-28 16:20:18 40 [Note] InnoDB: Compressed tables use zlib 1.2.3
2018-01-28 16:20:18 40 [Note] InnoDB: Using Linux native AIO
2018-01-28 16:20:18 40 [Note] InnoDB: Using CPU crc32 instructions
2018-01-28 16:20:18 40 [Note] InnoDB: Initializing buffer pool, size = 32.0M
2018-01-28 16:20:18 40 [Note] InnoDB: Completed initialization of buffer pool
2018-01-28 16:20:18 40 [Note] InnoDB: Highest supported file format is Barracuda.
2018-01-28 16:20:18 40 [Note] InnoDB: The log sequence numbers 1625987 and 1625987 in ibdata files do not match the log sequence number 5590618 in the ib_logfiles!
2018-01-28 16:20:18 40 [Note] InnoDB: Database was not shutdown normally!
2018-01-28 16:20:18 40 [Note] InnoDB: Starting crash recovery.
2018-01-28 16:20:18 40 [Note] InnoDB: Reading tablespace information from the .ibd files...
2018-01-28 16:20:18 40 [Note] InnoDB: Restoring possible half-written data pages 
2018-01-28 16:20:18 40 [Note] InnoDB: from the doublewrite buffer...
2018-01-28 16:20:18 40 [Note] InnoDB: 128 rollback segment(s) are active.
2018-01-28 16:20:18 40 [Note] InnoDB: Waiting for purge to start
2018-01-28 16:20:18 40 [Note] InnoDB: 5.6.37 started; log sequence number 5590618
2018-01-28 16:20:18 40 [Note] Server hostname (bind-address): '*'; port: 3306
2018-01-28 16:20:18 40 [Note] IPv6 is available.
2018-01-28 16:20:18 40 [Note]   - '::' resolves to '::';
2018-01-28 16:20:18 40 [Note] Server socket created on IP: '::'.
2018-01-28 16:20:18 40 [Warning] 'user' entry 'root@e24d0b5cccc1' ignored in --skip-name-resolve mode.
2018-01-28 16:20:18 40 [Warning] 'user' entry '@e24d0b5cccc1' ignored in --skip-name-resolve mode.
2018-01-28 16:20:18 40 [Warning] 'proxies_priv' entry '@ root@e24d0b5cccc1' ignored in --skip-name-resolve mode.
2018-01-28 16:20:18 40 [Note] Event Scheduler: Loaded 0 events
2018-01-28 16:20:18 40 [Note] /usr/sbin/mysqld: ready for connections.
Version: '5.6.37'  socket: '/var/run/mysqld/mysqld.sock'  port: 3306  MySQL Community Server (GPL)
2018-01-30 01:22:00 40 [Warning] Using unique option prefix myisam-recover instead of myisam-recover-options is deprecated and will be removed in a future release. Please use the full name instead.
2018-01-30 01:22:00 40 [Note] Plugin 'FEDERATED' is disabled.
2018-01-30 01:22:00 40 [Note] InnoDB: Using atomics to ref count buffer pool pages
2018-01-30 01:22:00 40 [Note] InnoDB: The InnoDB memory heap is disabled
2018-01-30 01:22:00 40 [Note] InnoDB: Mutexes and rw_locks use GCC atomic builtins
2018-01-30 01:22:00 40 [Note] InnoDB: Memory barrier is not used
2018-01-30 01:22:00 40 [Note] InnoDB: Compressed tables use zlib 1.2.3
2018-01-30 01:22:00 40 [Note] InnoDB: Using Linux native AIO
2018-01-30 01:22:00 40 [Note] InnoDB: Using CPU crc32 instructions
2018-01-30 01:22:00 40 [Note] InnoDB: Initializing buffer pool, size = 32.0M
2018-01-30 01:22:00 40 [Note] InnoDB: Completed initialization of buffer pool
2018-01-30 01:22:00 40 [Note] InnoDB: Highest supported file format is Barracuda.
2018-01-30 01:22:00 40 [Note] InnoDB: The log sequence numbers 1625987 and 1625987 in ibdata files do not match the log sequence number 6221490 in the ib_logfiles!
2018-01-30 01:22:00 40 [Note] InnoDB: Database was not shutdown normally!
2018-01-30 01:22:00 40 [Note] InnoDB: Starting crash recovery.
2018-01-30 01:22:00 40 [Note] InnoDB: Reading tablespace information from the .ibd files...
2018-01-30 01:22:00 40 [Note] InnoDB: Restoring possible half-written data pages 
2018-01-30 01:22:00 40 [Note] InnoDB: from the doublewrite buffer...
2018-01-30 01:22:00 40 [Note] InnoDB: 128 rollback segment(s) are active.
2018-01-30 01:22:00 40 [Note] InnoDB: Waiting for purge to start
2018-01-30 01:22:00 40 [Note] InnoDB: 5.6.37 started; log sequence number 6221490
2018-01-30 01:22:00 40 [Note] Server hostname (bind-address): '*'; port: 3306
2018-01-30 01:22:00 40 [Note] IPv6 is available.
2018-01-30 01:22:00 40 [Note]   - '::' resolves to '::';
2018-01-30 01:22:00 40 [Note] Server socket created on IP: '::'.
2018-01-30 01:22:00 40 [Warning] 'user' entry 'root@e24d0b5cccc1' ignored in --skip-name-resolve mode.
2018-01-30 01:22:00 40 [Warning] 'user' entry '@e24d0b5cccc1' ignored in --skip-name-resolve mode.
2018-01-30 01:22:00 40 [Warning] 'proxies_priv' entry '@ root@e24d0b5cccc1' ignored in --skip-name-resolve mode.
2018-01-30 01:22:00 40 [Note] Event Scheduler: Loaded 0 events
2018-01-30 01:22:00 40 [Note] /usr/sbin/mysqld: ready for connections.
Version: '5.6.37'  socket: '/var/run/mysqld/mysqld.sock'  port: 3306  MySQL Community Server (GPL)
2018-01-30 01:22:15 40 [Warning] Using unique option prefix myisam-recover instead of myisam-recover-options is deprecated and will be removed in a future release. Please use the full name instead.
2018-01-30 01:22:15 40 [Note] Plugin 'FEDERATED' is disabled.
2018-01-30 01:22:15 40 [Note] InnoDB: Using atomics to ref count buffer pool pages
2018-01-30 01:22:15 40 [Note] InnoDB: The InnoDB memory heap is disabled
2018-01-30 01:22:15 40 [Note] InnoDB: Mutexes and rw_locks use GCC atomic builtins
2018-01-30 01:22:15 40 [Note] InnoDB: Memory barrier is not used
2018-01-30 01:22:15 40 [Note] InnoDB: Compressed tables use zlib 1.2.3
2018-01-30 01:22:15 40 [Note] InnoDB: Using Linux native AIO
2018-01-30 01:22:15 40 [Note] InnoDB: Using CPU crc32 instructions
2018-01-30 01:22:15 40 [Note] InnoDB: Initializing buffer pool, size = 32.0M
2018-01-30 01:22:15 40 [Note] InnoDB: Completed initialization of buffer pool
2018-01-30 01:22:15 40 [Note] InnoDB: Highest supported file format is Barracuda.
2018-01-30 01:22:15 40 [Note] InnoDB: The log sequence numbers 1625987 and 1625987 in ibdata files do not match the log sequence number 6221500 in the ib_logfiles!
2018-01-30 01:22:15 40 [Note] InnoDB: Database was not shutdown normally!
2018-01-30 01:22:15 40 [Note] InnoDB: Starting crash recovery.
2018-01-30 01:22:15 40 [Note] InnoDB: Reading tablespace information from the .ibd files...
2018-01-30 01:22:15 40 [Note] InnoDB: Restoring possible half-written data pages 
2018-01-30 01:22:15 40 [Note] InnoDB: from the doublewrite buffer...
2018-01-30 01:22:15 40 [Note] InnoDB: 128 rollback segment(s) are active.
2018-01-30 01:22:15 40 [Note] InnoDB: Waiting for purge to start
2018-01-30 01:22:15 40 [Note] InnoDB: 5.6.37 started; log sequence number 6221500
2018-01-30 01:22:15 40 [Note] Server hostname (bind-address): '*'; port: 3306
2018-01-30 01:22:15 40 [Note] IPv6 is available.
2018-01-30 01:22:15 40 [Note]   - '::' resolves to '::';
2018-01-30 01:22:15 40 [Note] Server socket created on IP: '::'.
2018-01-30 01:22:15 40 [Warning] 'user' entry 'root@e24d0b5cccc1' ignored in --skip-name-resolve mode.
2018-01-30 01:22:15 40 [Warning] 'user' entry '@e24d0b5cccc1' ignored in --skip-name-resolve mode.
2018-01-30 01:22:15 40 [Warning] 'proxies_priv' entry '@ root@e24d0b5cccc1' ignored in --skip-name-resolve mode.
2018-01-30 01:22:15 40 [Note] Event Scheduler: Loaded 0 events
2018-01-30 01:22:15 40 [Note] /usr/sbin/mysqld: ready for connections.
Version: '5.6.37'  socket: '/var/run/mysqld/mysqld.sock'  port: 3306  MySQL Community Server (GPL)
